<?xml version="1.0" encoding="UTF-8"?>
<!-- Generated by org.testng.reporters.JUnitXMLReporter -->
<testsuite ignored="0" hostname="DESKTOP-929L39E" failures="0" tests="4" name="Default test" time="0.085" errors="0" timestamp="2021-03-29T20:48:53 IST">
  <testcase classname="tuhinasmvnacademy.SimpleJavaTest" name="ElementUI" time="0.013"/>
  <testcase classname="tuhinasmvnacademy.SimpleJavaTest" name="Simpleautomation" time="0.001"/>
  <testcase classname="tuhinasmvnacademy.SeleniumTest" name="WebElementUI" time="0.006"/>
  <testcase classname="tuhinasmvnacademy.SeleniumTest" name="Webautomation" time="0.001"/>
</testsuite> <!-- Default test -->
