<?xml version="1.0" encoding="UTF-8"?>
<testng-results ignored="0" total="4" passed="4" failed="0" skipped="0">
  <reporter-output>
  </reporter-output>
  <suite started-at="2021-03-29T20:50:06 IST" name="Surefire suite" finished-at="2021-03-29T20:50:06 IST" duration-ms="59">
    <groups>
    </groups>
    <test started-at="2021-03-29T20:50:06 IST" name="Surefire test" finished-at="2021-03-29T20:50:06 IST" duration-ms="59">
      <class name="tuhinasmvnacademy.SimpleJavaTest">
        <test-method signature="ElementUI()[pri:0, instance:tuhinasmvnacademy.SimpleJavaTest@e4487af]" started-at="2021-03-29T20:50:06 IST" name="ElementUI" finished-at="2021-03-29T20:50:06 IST" duration-ms="0" status="PASS">
          <reporter-output>
          </reporter-output>
        </test-method> <!-- ElementUI -->
        <test-method signature="Simpleautomation()[pri:0, instance:tuhinasmvnacademy.SimpleJavaTest@e4487af]" started-at="2021-03-29T20:50:06 IST" name="Simpleautomation" finished-at="2021-03-29T20:50:06 IST" duration-ms="1" status="PASS">
          <reporter-output>
          </reporter-output>
        </test-method> <!-- Simpleautomation -->
      </class> <!-- tuhinasmvnacademy.SimpleJavaTest -->
      <class name="tuhinasmvnacademy.SeleniumTest">
        <test-method signature="WebElementUI()[pri:0, instance:tuhinasmvnacademy.SeleniumTest@58a9760d]" started-at="2021-03-29T20:50:06 IST" name="WebElementUI" finished-at="2021-03-29T20:50:06 IST" duration-ms="5" status="PASS">
          <reporter-output>
          </reporter-output>
        </test-method> <!-- WebElementUI -->
        <test-method signature="Webautomation()[pri:0, instance:tuhinasmvnacademy.SeleniumTest@58a9760d]" started-at="2021-03-29T20:50:06 IST" name="Webautomation" finished-at="2021-03-29T20:50:06 IST" duration-ms="1" status="PASS">
          <reporter-output>
          </reporter-output>
        </test-method> <!-- Webautomation -->
      </class> <!-- tuhinasmvnacademy.SeleniumTest -->
    </test> <!-- Surefire test -->
  </suite> <!-- Surefire suite -->
</testng-results>
