<?xml version="1.0" encoding="UTF-8"?>
<testng-results ignored="0" total="4" passed="4" failed="0" skipped="0">
  <reporter-output>
  </reporter-output>
  <suite started-at="2021-03-29T20:48:53 IST" name="Default suite" finished-at="2021-03-29T20:48:53 IST" duration-ms="85">
    <groups>
    </groups>
    <test started-at="2021-03-29T20:48:53 IST" name="Default test" finished-at="2021-03-29T20:48:53 IST" duration-ms="85">
      <class name="tuhinasmvnacademy.SimpleJavaTest">
        <test-method signature="ElementUI()[pri:0, instance:tuhinasmvnacademy.SimpleJavaTest@49dc7102]" started-at="2021-03-29T20:48:53 IST" name="ElementUI" finished-at="2021-03-29T20:48:53 IST" duration-ms="13" status="PASS">
          <reporter-output>
          </reporter-output>
        </test-method> <!-- ElementUI -->
        <test-method signature="Simpleautomation()[pri:0, instance:tuhinasmvnacademy.SimpleJavaTest@49dc7102]" started-at="2021-03-29T20:48:53 IST" name="Simpleautomation" finished-at="2021-03-29T20:48:53 IST" duration-ms="1" status="PASS">
          <reporter-output>
          </reporter-output>
        </test-method> <!-- Simpleautomation -->
      </class> <!-- tuhinasmvnacademy.SimpleJavaTest -->
      <class name="tuhinasmvnacademy.SeleniumTest">
        <test-method signature="WebElementUI()[pri:0, instance:tuhinasmvnacademy.SeleniumTest@6b8ca3c8]" started-at="2021-03-29T20:48:53 IST" name="WebElementUI" finished-at="2021-03-29T20:48:53 IST" duration-ms="6" status="PASS">
          <reporter-output>
          </reporter-output>
        </test-method> <!-- WebElementUI -->
        <test-method signature="Webautomation()[pri:0, instance:tuhinasmvnacademy.SeleniumTest@6b8ca3c8]" started-at="2021-03-29T20:48:53 IST" name="Webautomation" finished-at="2021-03-29T20:48:53 IST" duration-ms="1" status="PASS">
          <reporter-output>
          </reporter-output>
        </test-method> <!-- Webautomation -->
      </class> <!-- tuhinasmvnacademy.SeleniumTest -->
    </test> <!-- Default test -->
  </suite> <!-- Default suite -->
</testng-results>
